# JRE version: OpenJDK Runtime Environment (11.0.10) (build 11.0.10+0-b96-7249189)
# Java VM: OpenJDK 64-Bit Server VM (11.0.10+0-b96-7249189, mixed mode, tiered, compressed oops, g1 gc, windows-amd64)
Heap:
 garbage-first heap   total 183296K, used 113389K [0x0000000080000000, 0x0000000100000000)
  region size 1024K, 16 young (16384K), 5 survivors (5120K)
 Metaspace       used 100631K, capacity 102982K, committed 103288K, reserved 1138688K
  class space    used 12776K, capacity 13599K, committed 13696K, reserved 1048576K
GC Heap History (20 events):
Event: 13.758 GC heap before
{Heap before GC invocations=15 (full 0):
 garbage-first heap   total 183296K, used 136689K [0x0000000080000000, 0x0000000100000000)
  region size 1024K, 79 young (80896K), 7 survivors (7168K)
 Metaspace       used 63758K, capacity 65375K, committed 65536K, reserved 1105920K
  class space    used 8023K, capacity 8588K, committed 8704K, reserved 1048576K
}
Event: 13.766 GC heap after
{Heap after GC invocations=16 (full 0):
 garbage-first heap   total 183296K, used 64909K [0x0000000080000000, 0x0000000100000000)
  region size 1024K, 3 young (3072K), 3 survivors (3072K)
 Metaspace       used 63758K, capacity 65375K, committed 65536K, reserved 1105920K
  class space    used 8023K, capacity 8588K, committed 8704K, reserved 1048576K
}
Event: 18.263 GC heap before
{Heap before GC invocations=16 (full 0):
 garbage-first heap   total 183296K, used 142733K [0x0000000080000000, 0x0000000100000000)
  region size 1024K, 80 young (81920K), 3 survivors (3072K)
 Metaspace       used 64792K, capacity 66491K, committed 66816K, reserved 1107968K
  class space    used 8054K, capacity 8610K, committed 8704K, reserved 1048576K
}
Event: 18.269 GC heap after
{Heap after GC invocations=17 (full 0):
 garbage-first heap   total 183296K, used 65174K [0x0000000080000000, 0x0000000100000000)
  region size 1024K, 4 young (4096K), 4 survivors (4096K)
 Metaspace       used 64792K, capacity 66491K, committed 66816K, reserved 1107968K
  class space    used 8054K, capacity 8610K, committed 8704K, reserved 1048576K
}
Event: 18.819 GC heap before
{Heap before GC invocations=17 (full 0):
 garbage-first heap   total 183296K, used 104086K [0x0000000080000000, 0x0000000100000000)
  region size 1024K, 36 young (36864K), 4 survivors (4096K)
 Metaspace       used 66832K, capacity 68658K, committed 68864K, reserved 1110016K
  class space    used 8334K, capacity 8940K, committed 8960K, reserved 1048576K
}
Event: 18.831 GC heap after
{Heap after GC invocations=18 (full 0):
 garbage-first heap   total 183296K, used 80344K [0x0000000080000000, 0x0000000100000000)
  region size 1024K, 11 young (11264K), 11 survivors (11264K)
 Metaspace       used 66832K, capacity 68658K, committed 68864K, reserved 1110016K
  class space    used 8334K, capacity 8940K, committed 8960K, reserved 1048576K
}
Event: 20.187 GC heap before
{Heap before GC invocations=19 (full 0):
 garbage-first heap   total 183296K, used 144856K [0x0000000080000000, 0x0000000100000000)
  region size 1024K, 75 young (76800K), 11 survivors (11264K)
 Metaspace       used 74928K, capacity 76859K, committed 77048K, reserved 1116160K
  class space    used 9328K, capacity 9982K, committed 9984K, reserved 1048576K
}
Event: 20.204 GC heap after
{Heap after GC invocations=20 (full 0):
 garbage-first heap   total 183296K, used 85845K [0x0000000080000000, 0x0000000100000000)
  region size 1024K, 6 young (6144K), 6 survivors (6144K)
 Metaspace       used 74928K, capacity 76859K, committed 77048K, reserved 1116160K
  class space    used 9328K, capacity 9982K, committed 9984K, reserved 1048576K
}
Event: 21.317 GC heap before
{Heap before GC invocations=21 (full 0):
 garbage-first heap   total 183296K, used 148309K [0x0000000080000000, 0x0000000100000000)
  region size 1024K, 66 young (67584K), 6 survivors (6144K)
 Metaspace       used 80710K, capacity 82671K, committed 82936K, reserved 1122304K
  class space    used 10066K, capacity 10734K, committed 10752K, reserved 1048576K
}
Event: 21.324 GC heap after
{Heap after GC invocations=22 (full 0):
 garbage-first heap   total 183296K, used 87481K [0x0000000080000000, 0x0000000100000000)
  region size 1024K, 4 young (4096K), 4 survivors (4096K)
 Metaspace       used 80710K, capacity 82671K, committed 82936K, reserved 1122304K
  class space    used 10066K, capacity 10734K, committed 10752K, reserved 1048576K
}
Event: 22.131 GC heap before
{Heap before GC invocations=22 (full 0):
 garbage-first heap   total 183296K, used 148921K [0x0000000080000000, 0x0000000100000000)
  region size 1024K, 64 young (65536K), 4 survivors (4096K)
 Metaspace       used 85036K, capacity 87020K, committed 87288K, reserved 1124352K
  class space    used 10757K, capacity 11458K, committed 11520K, reserved 1048576K
}
Event: 22.149 GC heap after
{Heap after GC invocations=23 (full 0):
 garbage-first heap   total 183296K, used 92659K [0x0000000080000000, 0x0000000100000000)
  region size 1024K, 8 young (8192K), 8 survivors (8192K)
 Metaspace       used 85036K, capacity 87020K, committed 87288K, reserved 1124352K
  class space    used 10757K, capacity 11458K, committed 11520K, reserved 1048576K
}
Event: 23.161 GC heap before
{Heap before GC invocations=24 (full 0):
 garbage-first heap   total 183296K, used 150003K [0x0000000080000000, 0x0000000100000000)
  region size 1024K, 64 young (65536K), 8 survivors (8192K)
 Metaspace       used 89921K, capacity 92055K, committed 92408K, reserved 1130496K
  class space    used 11456K, capacity 12189K, committed 12288K, reserved 1048576K
}
Event: 23.175 GC heap after
{Heap after GC invocations=25 (full 0):
 garbage-first heap   total 183296K, used 96228K [0x0000000080000000, 0x0000000100000000)
  region size 1024K, 4 young (4096K), 4 survivors (4096K)
 Metaspace       used 89921K, capacity 92055K, committed 92408K, reserved 1130496K
  class space    used 11456K, capacity 12189K, committed 12288K, reserved 1048576K
}
Event: 58.001 GC heap before
{Heap before GC invocations=25 (full 0):
 garbage-first heap   total 183296K, used 151524K [0x0000000080000000, 0x0000000100000000)
  region size 1024K, 58 young (59392K), 4 survivors (4096K)
 Metaspace       used 91994K, capacity 94160K, committed 94456K, reserved 1130496K
  class space    used 11687K, capacity 12433K, committed 12544K, reserved 1048576K
}
Event: 58.009 GC heap after
{Heap after GC invocations=26 (full 0):
 garbage-first heap   total 183296K, used 98650K [0x0000000080000000, 0x0000000100000000)
  region size 1024K, 6 young (6144K), 6 survivors (6144K)
 Metaspace       used 91994K, capacity 94160K, committed 94456K, reserved 1130496K
  class space    used 11687K, capacity 12433K, committed 12544K, reserved 1048576K
}
Event: 58.515 GC heap before
{Heap before GC invocations=27 (full 0):
 garbage-first heap   total 183296K, used 143706K [0x0000000080000000, 0x0000000100000000)
  region size 1024K, 52 young (53248K), 6 survivors (6144K)
 Metaspace       used 95331K, capacity 97629K, committed 97656K, reserved 1134592K
  class space    used 12139K, capacity 12926K, committed 12928K, reserved 1048576K
}
Event: 58.529 GC heap after
{Heap after GC invocations=28 (full 0):
 garbage-first heap   total 183296K, used 101787K [0x0000000080000000, 0x0000000100000000)
  region size 1024K, 6 young (6144K), 6 survivors (6144K)
 Metaspace       used 95331K, capacity 97629K, committed 97656K, reserved 1134592K
  class space    used 12139K, capacity 12926K, committed 12928K, reserved 1048576K
}
Event: 59.326 GC heap before
{Heap before GC invocations=29 (full 0):
 garbage-first heap   total 183296K, used 152987K [0x0000000080000000, 0x0000000100000000)
  region size 1024K, 55 young (56320K), 6 survivors (6144K)
 Metaspace       used 100272K, capacity 102583K, committed 102776K, reserved 1138688K
  class space    used 12743K, capacity 13581K, committed 13696K, reserved 1048576K
}
Event: 59.336 GC heap after
{Heap after GC invocations=30 (full 0):
 garbage-first heap   total 183296K, used 103149K [0x0000000080000000, 0x0000000100000000)
  region size 1024K, 5 young (5120K), 5 survivors (5120K)
 Metaspace       used 100272K, capacity 102583K, committed 102776K, reserved 1138688K
  class space    used 12743K, capacity 13581K, committed 13696K, reserved 1048576K
}

