# JRE version: OpenJDK Runtime Environment (11.0.10) (build 11.0.10+0-b96-7249189)
# Java VM: OpenJDK 64-Bit Server VM (11.0.10+0-b96-7249189, mixed mode, tiered, compressed oops, g1 gc, windows-amd64)
Heap:
 garbage-first heap   total 220160K, used 111277K [0x0000000080000000, 0x0000000100000000)
  region size 1024K, 23 young (23552K), 8 survivors (8192K)
 Metaspace       used 92758K, capacity 95074K, committed 95148K, reserved 1132544K
  class space    used 11910K, capacity 12747K, committed 12800K, reserved 1048576K
GC Heap History (20 events):
Event: 9.220 GC heap before
{Heap before GC invocations=13 (full 0):
 garbage-first heap   total 152576K, used 90096K [0x0000000080000000, 0x0000000100000000)
  region size 1024K, 19 young (19456K), 2 survivors (2048K)
 Metaspace       used 58115K, capacity 59845K, committed 59948K, reserved 1101824K
  class space    used 7427K, capacity 8007K, committed 8064K, reserved 1048576K
}
Event: 9.225 GC heap after
{Heap after GC invocations=14 (full 0):
 garbage-first heap   total 152576K, used 74054K [0x0000000080000000, 0x0000000100000000)
  region size 1024K, 3 young (3072K), 3 survivors (3072K)
 Metaspace       used 58115K, capacity 59845K, committed 59948K, reserved 1101824K
  class space    used 7427K, capacity 8007K, committed 8064K, reserved 1048576K
}
Event: 9.899 GC heap before
{Heap before GC invocations=15 (full 0):
 garbage-first heap   total 152576K, used 111942K [0x0000000080000000, 0x0000000100000000)
  region size 1024K, 41 young (41984K), 3 survivors (3072K)
 Metaspace       used 62503K, capacity 64205K, committed 64300K, reserved 1105920K
  class space    used 7956K, capacity 8537K, committed 8576K, reserved 1048576K
}
Event: 9.911 GC heap after
{Heap after GC invocations=16 (full 0):
 garbage-first heap   total 152576K, used 77733K [0x0000000080000000, 0x0000000100000000)
  region size 1024K, 6 young (6144K), 6 survivors (6144K)
 Metaspace       used 62503K, capacity 64205K, committed 64300K, reserved 1105920K
  class space    used 7956K, capacity 8537K, committed 8576K, reserved 1048576K
}
Event: 10.137 GC heap before
{Heap before GC invocations=17 (full 0):
 garbage-first heap   total 152576K, used 90021K [0x0000000080000000, 0x0000000100000000)
  region size 1024K, 19 young (19456K), 6 survivors (6144K)
 Metaspace       used 63659K, capacity 65486K, committed 65836K, reserved 1105920K
  class space    used 8113K, capacity 8708K, committed 8832K, reserved 1048576K
}
Event: 10.149 GC heap after
{Heap after GC invocations=18 (full 0):
 garbage-first heap   total 183296K, used 79041K [0x0000000080000000, 0x0000000100000000)
  region size 1024K, 2 young (2048K), 2 survivors (2048K)
 Metaspace       used 63659K, capacity 65486K, committed 65836K, reserved 1105920K
  class space    used 8113K, capacity 8708K, committed 8832K, reserved 1048576K
}
Event: 10.877 GC heap before
{Heap before GC invocations=19 (full 0):
 garbage-first heap   total 183296K, used 125121K [0x0000000080000000, 0x0000000100000000)
  region size 1024K, 46 young (47104K), 2 survivors (2048K)
 Metaspace       used 67080K, capacity 68876K, committed 69036K, reserved 1110016K
  class space    used 8540K, capacity 9127K, committed 9216K, reserved 1048576K
}
Event: 10.882 GC heap after
{Heap after GC invocations=20 (full 0):
 garbage-first heap   total 183296K, used 81225K [0x0000000080000000, 0x0000000100000000)
  region size 1024K, 4 young (4096K), 4 survivors (4096K)
 Metaspace       used 67080K, capacity 68876K, committed 69036K, reserved 1110016K
  class space    used 8540K, capacity 9127K, committed 9216K, reserved 1048576K
}
Event: 11.609 GC heap before
{Heap before GC invocations=20 (full 0):
 garbage-first heap   total 183296K, used 128329K [0x0000000080000000, 0x0000000100000000)
  region size 1024K, 50 young (51200K), 4 survivors (4096K)
 Metaspace       used 71234K, capacity 73081K, committed 73260K, reserved 1112064K
  class space    used 9222K, capacity 9848K, committed 9856K, reserved 1048576K
}
Event: 11.617 GC heap after
{Heap after GC invocations=21 (full 0):
 garbage-first heap   total 183296K, used 84780K [0x0000000080000000, 0x0000000100000000)
  region size 1024K, 7 young (7168K), 7 survivors (7168K)
 Metaspace       used 71234K, capacity 73081K, committed 73260K, reserved 1112064K
  class space    used 9222K, capacity 9848K, committed 9856K, reserved 1048576K
}
Event: 12.535 GC heap before
{Heap before GC invocations=21 (full 0):
 garbage-first heap   total 183296K, used 133932K [0x0000000080000000, 0x0000000100000000)
  region size 1024K, 55 young (56320K), 7 survivors (7168K)
 Metaspace       used 75435K, capacity 77416K, committed 77484K, reserved 1116160K
  class space    used 9802K, capacity 10495K, committed 10496K, reserved 1048576K
}
Event: 12.546 GC heap after
{Heap after GC invocations=22 (full 0):
 garbage-first heap   total 183296K, used 87697K [0x0000000080000000, 0x0000000100000000)
  region size 1024K, 3 young (3072K), 3 survivors (3072K)
 Metaspace       used 75435K, capacity 77416K, committed 77484K, reserved 1116160K
  class space    used 9802K, capacity 10495K, committed 10496K, reserved 1048576K
}
Event: 13.167 GC heap before
{Heap before GC invocations=22 (full 0):
 garbage-first heap   total 183296K, used 136849K [0x0000000080000000, 0x0000000100000000)
  region size 1024K, 51 young (52224K), 3 survivors (3072K)
 Metaspace       used 78093K, capacity 80191K, committed 80428K, reserved 1118208K
  class space    used 10146K, capacity 10878K, committed 10880K, reserved 1048576K
}
Event: 13.178 GC heap after
{Heap after GC invocations=23 (full 0):
 garbage-first heap   total 183296K, used 90196K [0x0000000080000000, 0x0000000100000000)
  region size 1024K, 6 young (6144K), 6 survivors (6144K)
 Metaspace       used 78093K, capacity 80191K, committed 80428K, reserved 1118208K
  class space    used 10146K, capacity 10878K, committed 10880K, reserved 1048576K
}
Event: 13.581 GC heap before
{Heap before GC invocations=24 (full 0):
 garbage-first heap   total 183296K, used 111700K [0x0000000080000000, 0x0000000100000000)
  region size 1024K, 29 young (29696K), 6 survivors (6144K)
 Metaspace       used 79801K, capacity 81833K, committed 81964K, reserved 1120256K
  class space    used 10358K, capacity 11083K, committed 11136K, reserved 1048576K
}
Event: 13.593 GC heap after
{Heap after GC invocations=25 (full 0):
 garbage-first heap   total 183296K, used 92192K [0x0000000080000000, 0x0000000100000000)
  region size 1024K, 5 young (5120K), 5 survivors (5120K)
 Metaspace       used 79801K, capacity 81833K, committed 81964K, reserved 1120256K
  class space    used 10358K, capacity 11083K, committed 11136K, reserved 1048576K
}
Event: 14.688 GC heap before
{Heap before GC invocations=26 (full 0):
 garbage-first heap   total 183296K, used 143392K [0x0000000080000000, 0x0000000100000000)
  region size 1024K, 54 young (55296K), 5 survivors (5120K)
 Metaspace       used 85628K, capacity 87929K, committed 88108K, reserved 1126400K
  class space    used 11045K, capacity 11838K, committed 11904K, reserved 1048576K
}
Event: 14.700 GC heap after
{Heap after GC invocations=27 (full 0):
 garbage-first heap   total 220160K, used 93553K [0x0000000080000000, 0x0000000100000000)
  region size 1024K, 4 young (4096K), 4 survivors (4096K)
 Metaspace       used 85628K, capacity 87929K, committed 88108K, reserved 1126400K
  class space    used 11045K, capacity 11838K, committed 11904K, reserved 1048576K
}
Event: 27.020 GC heap before
{Heap before GC invocations=27 (full 0):
 garbage-first heap   total 220160K, used 158065K [0x0000000080000000, 0x0000000100000000)
  region size 1024K, 68 young (69632K), 4 survivors (4096K)
 Metaspace       used 91788K, capacity 94178K, committed 94252K, reserved 1130496K
  class space    used 11769K, capacity 12619K, committed 12672K, reserved 1048576K
}
Event: 27.029 GC heap after
{Heap after GC invocations=28 (full 0):
 garbage-first heap   total 220160K, used 97965K [0x0000000080000000, 0x0000000100000000)
  region size 1024K, 8 young (8192K), 8 survivors (8192K)
 Metaspace       used 91788K, capacity 94178K, committed 94252K, reserved 1130496K
  class space    used 11769K, capacity 12619K, committed 12672K, reserved 1048576K
}

